0 silly argv {
0 silly argv   _: [ 'clean' ],
0 silly argv   lernaVersion: '4.0.0',
0 silly argv   '$0': '/Users/administrator/Documents/Github/crc-emis-frontend/node_modules/.bin/lerna'
0 silly argv }
1 notice cli v4.0.0
2 verbose rootPath /Users/administrator/Documents/Github/crc-emis-frontend
3 info versioning independent
4 info Removing the following directories:
5 info clean apps/benef-app/node_modules
5 info clean apps/emis-app/node_modules
5 info clean libs/registration-lib/node_modules
6 info clean removing /Users/administrator/Documents/Github/crc-emis-frontend/apps/benef-app/node_modules
7 silly rimrafDir /Users/administrator/Documents/Github/crc-emis-frontend/apps/benef-app/node_modules
8 info clean removing /Users/administrator/Documents/Github/crc-emis-frontend/apps/emis-app/node_modules
9 silly rimrafDir /Users/administrator/Documents/Github/crc-emis-frontend/apps/emis-app/node_modules
10 info clean removing /Users/administrator/Documents/Github/crc-emis-frontend/libs/registration-lib/node_modules
11 silly rimrafDir /Users/administrator/Documents/Github/crc-emis-frontend/libs/registration-lib/node_modules
12 error Error: Command failed with exit code 1: /usr/local/Cellar/node/17.3.1/bin/node /Users/administrator/Documents/Github/crc-emis-frontend/node_modules/@lerna/rimraf-dir/node_modules/rimraf/bin.js --no-glob /Users/administrator/Documents/Github/crc-emis-frontend/apps/benef-app/node_modules/
12 error     at makeError (/Users/administrator/Documents/Github/crc-emis-frontend/node_modules/@lerna/child-process/node_modules/execa/lib/error.js:60:11)
12 error     at handlePromise (/Users/administrator/Documents/Github/crc-emis-frontend/node_modules/@lerna/child-process/node_modules/execa/index.js:118:26)
12 error     at processTicksAndRejections (node:internal/process/task_queues:96:5)
